<?xml version="1.0" encoding="UTF-8"?>
<!-- Generated by org.testng.reporters.JUnitXMLReporter -->
<testsuite ignored="0" hostname="DESKTOP-VKRQA0C" failures="0" tests="6" name="Default test" time="6.543" errors="0" timestamp="2026-06-11T08:34:36 IST">
  <testcase classname="uitests.LaunchAppTest" name="validateUI" time="0.173"/>
  <testcase classname="uitests.LaunchAppTest" name="invalidLoginTest" time="2.02"/>
  <testcase classname="uitests.LaunchAppTest" name="emptyCredentialsTest" time="0.263"/>
  <testcase classname="uitests.LaunchAppTest" name="lockedUserTest" time="0.461"/>
  <testcase classname="uitests.LaunchAppTest" name="login" time="0.435"/>
  <testcase classname="uitests.LaunchAppTest" name="logout" time="0.864"/>
</testsuite> <!-- Default test -->
