<?xml version="1.0" encoding="UTF-8"?>
<!-- Generated by org.testng.reporters.JUnitXMLReporter -->
<testsuite ignored="0" hostname="DESKTOP-VKRQA0C" failures="0" tests="6" name="ParallelTest1" time="6.592" errors="0" timestamp="2026-05-16T10:42:58 IST">
  <testcase classname="uitests.LaunchAppTest" name="validateUI" time="0.2"/>
  <testcase classname="uitests.LaunchAppTest" name="invalidLoginTest" time="0.57"/>
  <testcase classname="uitests.LaunchAppTest" name="emptyCredentialsTest" time="0.283"/>
  <testcase classname="uitests.LaunchAppTest" name="lockedUserTest" time="0.457"/>
  <testcase classname="uitests.LaunchAppTest" name="login" time="0.48"/>
  <testcase classname="uitests.LaunchAppTest" name="logiout" time="0.337"/>
</testsuite> <!-- ParallelTest1 -->
