<?xml version="1.0" encoding="UTF-8"?>
<!-- Generated by org.testng.reporters.JUnitXMLReporter -->
<testsuite ignored="0" hostname="DESKTOP-VKRQA0C" failures="0" tests="6" name="ParallelTest2" time="7.5" errors="0" timestamp="2026-05-16T10:42:59 IST">
  <testcase classname="uitests.LaunchAppTest" name="validateUI" time="0.174"/>
  <testcase classname="uitests.LaunchAppTest" name="invalidLoginTest" time="0.581"/>
  <testcase classname="uitests.LaunchAppTest" name="emptyCredentialsTest" time="0.311"/>
  <testcase classname="uitests.LaunchAppTest" name="lockedUserTest" time="0.481"/>
  <testcase classname="uitests.LaunchAppTest" name="login" time="0.657"/>
  <testcase classname="uitests.LaunchAppTest" name="logiout" time="0.986"/>
</testsuite> <!-- ParallelTest2 -->
