<?xml version="1.0" encoding="UTF-8"?>
<testng-results ignored="0" total="6" passed="6" failed="0" skipped="0">
  <reporter-output>
  </reporter-output>
  <suite started-at="2026-06-11T08:34:29 IST" name="Default suite" finished-at="2026-06-11T08:34:36 IST" duration-ms="6543">
    <groups>
    </groups>
    <test started-at="2026-06-11T08:34:29 IST" name="Default test" finished-at="2026-06-11T08:34:36 IST" duration-ms="6543">
      <class name="uitests.LaunchAppTest">
        <test-method is-config="true" signature="launchBrowser()[pri:0, instance:uitests.LaunchAppTest@6bffbc6d]" started-at="2026-06-11T08:34:29 IST" name="launchBrowser" finished-at="2026-06-11T08:34:31 IST" duration-ms="1946" status="PASS">
          <reporter-output>
          </reporter-output>
        </test-method> <!-- launchBrowser -->
        <test-method signature="validateUI()[pri:0, instance:uitests.LaunchAppTest@6bffbc6d]" started-at="2026-06-11T08:34:31 IST" name="validateUI" finished-at="2026-06-11T08:34:31 IST" duration-ms="173" status="PASS">
          <reporter-output>
          </reporter-output>
        </test-method> <!-- validateUI -->
        <test-method signature="invalidLoginTest()[pri:1, instance:uitests.LaunchAppTest@6bffbc6d]" started-at="2026-06-11T08:34:31 IST" name="invalidLoginTest" finished-at="2026-06-11T08:34:33 IST" duration-ms="2020" status="PASS">
          <reporter-output>
          </reporter-output>
        </test-method> <!-- invalidLoginTest -->
        <test-method signature="emptyCredentialsTest()[pri:2, instance:uitests.LaunchAppTest@6bffbc6d]" started-at="2026-06-11T08:34:33 IST" name="emptyCredentialsTest" finished-at="2026-06-11T08:34:34 IST" duration-ms="263" status="PASS">
          <reporter-output>
          </reporter-output>
        </test-method> <!-- emptyCredentialsTest -->
        <test-method signature="lockedUserTest()[pri:3, instance:uitests.LaunchAppTest@6bffbc6d]" started-at="2026-06-11T08:34:34 IST" name="lockedUserTest" finished-at="2026-06-11T08:34:34 IST" duration-ms="461" status="PASS">
          <reporter-output>
          </reporter-output>
        </test-method> <!-- lockedUserTest -->
        <test-method signature="login()[pri:4, instance:uitests.LaunchAppTest@6bffbc6d]" started-at="2026-06-11T08:34:34 IST" name="login" finished-at="2026-06-11T08:34:34 IST" duration-ms="435" status="PASS">
          <reporter-output>
          </reporter-output>
        </test-method> <!-- login -->
        <test-method signature="logout()[pri:5, instance:uitests.LaunchAppTest@6bffbc6d]" started-at="2026-06-11T08:34:35 IST" name="logout" finished-at="2026-06-11T08:34:35 IST" duration-ms="864" status="PASS">
          <reporter-output>
          </reporter-output>
        </test-method> <!-- logout -->
        <test-method is-config="true" signature="CloseBrowser()[pri:0, instance:uitests.LaunchAppTest@6bffbc6d]" started-at="2026-06-11T08:34:35 IST" name="CloseBrowser" finished-at="2026-06-11T08:34:36 IST" duration-ms="245" status="PASS">
          <reporter-output>
          </reporter-output>
        </test-method> <!-- CloseBrowser -->
      </class> <!-- uitests.LaunchAppTest -->
    </test> <!-- Default test -->
  </suite> <!-- Default suite -->
</testng-results>
