<?xml version="1.0" encoding="UTF-8"?>
<testng-results ignored="0" total="6" passed="6" failed="0" skipped="0">
  <reporter-output>
  </reporter-output>
  <suite started-at="2026-05-05T08:19:50 IST" name="Default suite" finished-at="2026-05-05T08:19:54 IST" duration-ms="4053">
    <groups>
    </groups>
    <test started-at="2026-05-05T08:19:50 IST" name="Default test" finished-at="2026-05-05T08:19:54 IST" duration-ms="4053">
      <class name="uitests.LaunchAppTest">
        <test-method is-config="true" signature="launchBrowser()[pri:0, instance:uitests.LaunchAppTest@26794848]" started-at="2026-05-05T08:19:50 IST" name="launchBrowser" finished-at="2026-05-05T08:19:52 IST" duration-ms="1895" status="PASS">
          <reporter-output>
          </reporter-output>
        </test-method> <!-- launchBrowser -->
        <test-method signature="validateUI()[pri:0, instance:uitests.LaunchAppTest@26794848]" started-at="2026-05-05T08:19:52 IST" name="validateUI" finished-at="2026-05-05T08:19:52 IST" duration-ms="130" status="PASS">
          <reporter-output>
          </reporter-output>
        </test-method> <!-- validateUI -->
        <test-method signature="invalidLoginTest()[pri:1, instance:uitests.LaunchAppTest@26794848]" started-at="2026-05-05T08:19:52 IST" name="invalidLoginTest" finished-at="2026-05-05T08:19:52 IST" duration-ms="411" status="PASS">
          <reporter-output>
          </reporter-output>
        </test-method> <!-- invalidLoginTest -->
        <test-method signature="emptyCredentialsTest()[pri:2, instance:uitests.LaunchAppTest@26794848]" started-at="2026-05-05T08:19:52 IST" name="emptyCredentialsTest" finished-at="2026-05-05T08:19:53 IST" duration-ms="211" status="PASS">
          <reporter-output>
          </reporter-output>
        </test-method> <!-- emptyCredentialsTest -->
        <test-method signature="lockedUserTest()[pri:3, instance:uitests.LaunchAppTest@26794848]" started-at="2026-05-05T08:19:53 IST" name="lockedUserTest" finished-at="2026-05-05T08:19:53 IST" duration-ms="326" status="PASS">
          <reporter-output>
          </reporter-output>
        </test-method> <!-- lockedUserTest -->
        <test-method signature="login()[pri:4, instance:uitests.LaunchAppTest@26794848]" started-at="2026-05-05T08:19:53 IST" name="login" finished-at="2026-05-05T08:19:53 IST" duration-ms="339" status="PASS">
          <reporter-output>
          </reporter-output>
        </test-method> <!-- login -->
        <test-method signature="logiout()[pri:5, instance:uitests.LaunchAppTest@26794848]" started-at="2026-05-05T08:19:53 IST" name="logiout" finished-at="2026-05-05T08:19:54 IST" duration-ms="442" status="PASS">
          <reporter-output>
          </reporter-output>
        </test-method> <!-- logiout -->
        <test-method is-config="true" signature="CloseBrowser()[pri:0, instance:uitests.LaunchAppTest@26794848]" started-at="2026-05-05T08:19:54 IST" name="CloseBrowser" finished-at="2026-05-05T08:19:54 IST" duration-ms="226" status="PASS">
          <reporter-output>
          </reporter-output>
        </test-method> <!-- CloseBrowser -->
      </class> <!-- uitests.LaunchAppTest -->
    </test> <!-- Default test -->
  </suite> <!-- Default suite -->
</testng-results>
