<?xml version="1.0" encoding="UTF-8"?>
<!-- Generated by org.testng.reporters.JUnitReportReporter -->
<testsuite hostname="DESKTOP-VKRQA0C" failures="0" tests="10" name="TestNGtest.InvocationCount" time="0.037" errors="0" timestamp="2026-05-16T10:20:49 IST" skipped="0">
  <testcase classname="TestNGtest.InvocationCount" name="logintest" time="0.020"/>
  <testcase classname="TestNGtest.InvocationCount" name="logintest" time="0.002"/>
  <testcase classname="TestNGtest.InvocationCount" name="logintest" time="0.002"/>
  <testcase classname="TestNGtest.InvocationCount" name="logintest" time="0.002"/>
  <testcase classname="TestNGtest.InvocationCount" name="logintest" time="0.002"/>
  <testcase classname="TestNGtest.InvocationCount" name="logintest" time="0.001"/>
  <testcase classname="TestNGtest.InvocationCount" name="logintest" time="0.002"/>
  <testcase classname="TestNGtest.InvocationCount" name="logintest" time="0.001"/>
  <testcase classname="TestNGtest.InvocationCount" name="logintest" time="0.003"/>
  <testcase classname="TestNGtest.InvocationCount" name="logintest" time="0.002"/>
</testsuite> <!-- TestNGtest.InvocationCount -->
