<?xml version="1.0" encoding="UTF-8"?>
<!-- Generated by org.testng.reporters.JUnitReportReporter -->
<testsuite hostname="DESKTOP-VKRQA0C" failures="0" tests="3" name="TestNGtest.groupingTest" time="0.021" errors="0" timestamp="2026-05-16T11:15:54 IST" skipped="0">
  <testcase classname="TestNGtest.groupingTest" name="login1" time="0.017"/>
  <testcase classname="TestNGtest.groupingTest" name="login2" time="0.003"/>
  <testcase classname="TestNGtest.groupingTest" name="login3" time="0.001"/>
</testsuite> <!-- TestNGtest.groupingTest -->
