<?xml version="1.0" encoding="UTF-8"?>
<!-- Generated by org.testng.reporters.JUnitReportReporter -->
<testsuite hostname="DESKTOP-VKRQA0C" failures="0" tests="6" name="uitests.LaunchAppTest" time="1.859" errors="0" timestamp="2026-05-05T08:19:54 IST" skipped="0">
  <testcase classname="uitests.LaunchAppTest" name="validateUI" time="0.130"/>
  <testcase classname="uitests.LaunchAppTest" name="invalidLoginTest" time="0.411"/>
  <testcase classname="uitests.LaunchAppTest" name="emptyCredentialsTest" time="0.211"/>
  <testcase classname="uitests.LaunchAppTest" name="lockedUserTest" time="0.326"/>
  <testcase classname="uitests.LaunchAppTest" name="login" time="0.339"/>
  <testcase classname="uitests.LaunchAppTest" name="logiout" time="0.442"/>
</testsuite> <!-- uitests.LaunchAppTest -->
