<?xml version="1.0" encoding="UTF-8"?>
<!-- Generated by org.testng.reporters.JUnitReportReporter -->
<testsuite hostname="DESKTOP-VKRQA0C" failures="0" tests="3" name="TestNGtest.goupingTest" time="0.013" errors="0" timestamp="2026-05-16T09:54:37 IST" skipped="0">
  <testcase classname="TestNGtest.goupingTest" name="login1" time="0.010"/>
  <testcase classname="TestNGtest.goupingTest" name="login2" time="0.001"/>
  <testcase classname="TestNGtest.goupingTest" name="login3" time="0.002"/>
</testsuite> <!-- TestNGtest.goupingTest -->
